<?xml version="1.0" encoding="UTF-8"?>
<!-- Generated by org.testng.reporters.JUnitReportReporter -->
<testsuite hostname="DESKTOP-15736GN" failures="0" tests="1" name="clockyfy.PracticeTestNg" time="0.008" errors="0" timestamp="2022-05-16T07:11:41 PDT" skipped="0">
  <testcase classname="clockyfy.PracticeTestNg" name="test" time="0.008"/>
  <system-out/>
</testsuite> <!-- clockyfy.PracticeTestNg -->
